<?xml version="1.0" encoding="UTF-8" ?>
<testsuite failures="0" time="0.006" errors="0" skipped="0" tests="4" name="org.cadian.properties.query.SimplePropertyQueryTest">
  <properties>
    <property name="java.runtime.name" value="OpenJDK Runtime Environment"/>
    <property name="sun.boot.library.path" value="/usr/lib/jvm/java-6-openjdk/jre/lib/i386"/>
    <property name="java.vm.version" value="20.0-b11"/>
    <property name="java.vm.vendor" value="Sun Microsystems Inc."/>
    <property name="java.vendor.url" value="http://java.sun.com/"/>
    <property name="path.separator" value=":"/>
    <property name="java.vm.name" value="OpenJDK Client VM"/>
    <property name="file.encoding.pkg" value="sun.io"/>
    <property name="user.country" value="US"/>
    <property name="sun.java.launcher" value="SUN_STANDARD"/>
    <property name="sun.os.patch.level" value="unknown"/>
    <property name="java.vm.specification.name" value="Java Virtual Machine Specification"/>
    <property name="user.dir" value="/home/josh/cadian/cadian-properties"/>
    <property name="java.runtime.version" value="1.6.0_23-b23"/>
    <property name="java.awt.graphicsenv" value="sun.awt.X11GraphicsEnvironment"/>
    <property name="basedir" value="/home/josh/cadian/cadian-properties"/>
    <property name="java.endorsed.dirs" value="/usr/lib/jvm/java-6-openjdk/jre/lib/endorsed"/>
    <property name="os.arch" value="i386"/>
    <property name="surefire.real.class.path" value="/home/josh/cadian/cadian-properties/target/surefire/surefirebooter3589271238706994017.jar"/>
    <property name="java.io.tmpdir" value="/tmp"/>
    <property name="line.separator" value="
"/>
    <property name="java.vm.specification.vendor" value="Sun Microsystems Inc."/>
    <property name="os.name" value="Linux"/>
    <property name="sun.jnu.encoding" value="UTF-8"/>
    <property name="java.library.path" value="/usr/lib/jvm/java-6-openjdk/jre/lib/i386/client:/usr/lib/jvm/java-6-openjdk/jre/lib/i386:/usr/lib/jvm/java-6-openjdk/jre/../lib/i386:/usr/lib/jvm/java-6-openjdk/jre/lib/i386/client:/usr/lib/jvm/java-6-openjdk/jre/lib/i386::/usr/java/packages/lib/i386:/usr/lib/jni:/lib:/usr/lib"/>
    <property name="surefire.test.class.path" value="/home/josh/cadian/cadian-properties/target/test-classes:/home/josh/cadian/cadian-properties/target/classes:/home/josh/.m2/repository/org/cadian/reflections/1.0.0/reflections-1.0.0.jar:/home/josh/.m2/repository/org/reflections/reflections/0.9.5/reflections-0.9.5.jar:/home/josh/.m2/repository/com/google/guava/guava/r08/guava-r08.jar:/home/josh/.m2/repository/javassist/javassist/3.12.1.GA/javassist-3.12.1.GA.jar:/home/josh/.m2/repository/org/slf4j/slf4j-api/1.6.1/slf4j-api-1.6.1.jar:/home/josh/.m2/repository/dom4j/dom4j/1.6.1/dom4j-1.6.1.jar:/home/josh/.m2/repository/xml-apis/xml-apis/1.0.b2/xml-apis-1.0.b2.jar:/home/josh/.m2/repository/junit/junit/4.10/junit-4.10.jar:/home/josh/.m2/repository/org/hamcrest/hamcrest-core/1.1/hamcrest-core-1.1.jar:/home/josh/.m2/repository/log4j/log4j/1.2.16/log4j-1.2.16.jar:"/>
    <property name="java.specification.name" value="Java Platform API Specification"/>
    <property name="java.class.version" value="50.0"/>
    <property name="sun.management.compiler" value="HotSpot Client Compiler"/>
    <property name="os.version" value="3.0.0-12-generic"/>
    <property name="user.home" value="/home/josh"/>
    <property name="user.timezone" value=""/>
    <property name="java.awt.printerjob" value="sun.print.PSPrinterJob"/>
    <property name="file.encoding" value="UTF-8"/>
    <property name="java.specification.version" value="1.6"/>
    <property name="user.name" value="josh"/>
    <property name="java.class.path" value="/home/josh/cadian/cadian-properties/target/test-classes:/home/josh/cadian/cadian-properties/target/classes:/home/josh/.m2/repository/org/cadian/reflections/1.0.0/reflections-1.0.0.jar:/home/josh/.m2/repository/org/reflections/reflections/0.9.5/reflections-0.9.5.jar:/home/josh/.m2/repository/com/google/guava/guava/r08/guava-r08.jar:/home/josh/.m2/repository/javassist/javassist/3.12.1.GA/javassist-3.12.1.GA.jar:/home/josh/.m2/repository/org/slf4j/slf4j-api/1.6.1/slf4j-api-1.6.1.jar:/home/josh/.m2/repository/dom4j/dom4j/1.6.1/dom4j-1.6.1.jar:/home/josh/.m2/repository/xml-apis/xml-apis/1.0.b2/xml-apis-1.0.b2.jar:/home/josh/.m2/repository/junit/junit/4.10/junit-4.10.jar:/home/josh/.m2/repository/org/hamcrest/hamcrest-core/1.1/hamcrest-core-1.1.jar:/home/josh/.m2/repository/log4j/log4j/1.2.16/log4j-1.2.16.jar:"/>
    <property name="java.vm.specification.version" value="1.0"/>
    <property name="sun.arch.data.model" value="32"/>
    <property name="java.home" value="/usr/lib/jvm/java-6-openjdk/jre"/>
    <property name="sun.java.command" value="/home/josh/cadian/cadian-properties/target/surefire/surefirebooter3589271238706994017.jar /home/josh/cadian/cadian-properties/target/surefire/surefire5680588583878952713tmp /home/josh/cadian/cadian-properties/target/surefire/surefire8873710318916138352tmp"/>
    <property name="java.specification.vendor" value="Sun Microsystems Inc."/>
    <property name="user.language" value="en"/>
    <property name="java.vm.info" value="mixed mode, sharing"/>
    <property name="java.version" value="1.6.0_23"/>
    <property name="java.ext.dirs" value="/usr/lib/jvm/java-6-openjdk/jre/lib/ext:/usr/java/packages/lib/ext"/>
    <property name="sun.boot.class.path" value="/usr/lib/jvm/java-6-openjdk/jre/lib/resources.jar:/usr/lib/jvm/java-6-openjdk/jre/lib/rt.jar:/usr/lib/jvm/java-6-openjdk/jre/lib/sunrsasign.jar:/usr/lib/jvm/java-6-openjdk/jre/lib/jsse.jar:/usr/lib/jvm/java-6-openjdk/jre/lib/jce.jar:/usr/lib/jvm/java-6-openjdk/jre/lib/charsets.jar:/usr/lib/jvm/java-6-openjdk/jre/lib/netx.jar:/usr/lib/jvm/java-6-openjdk/jre/lib/plugin.jar:/usr/lib/jvm/java-6-openjdk/jre/lib/rhino.jar:/usr/lib/jvm/java-6-openjdk/jre/lib/modules/jdk.boot.jar:/usr/lib/jvm/java-6-openjdk/jre/classes"/>
    <property name="java.vendor" value="Sun Microsystems Inc."/>
    <property name="localRepository" value="/home/josh/.m2/repository"/>
    <property name="file.separator" value="/"/>
    <property name="java.vendor.url.bug" value="http://java.sun.com/cgi-bin/bugreport.cgi"/>
    <property name="sun.cpu.endian" value="little"/>
    <property name="sun.io.unicode.encoding" value="UnicodeLittle"/>
    <property name="sun.desktop" value="gnome"/>
    <property name="sun.cpu.isalist" value=""/>
  </properties>
  <testcase time="0" classname="org.cadian.properties.query.SimplePropertyQueryTest" name="testGetClassRelative"/>
  <testcase time="0" classname="org.cadian.properties.query.SimplePropertyQueryTest" name="testGetNonClassRelative"/>
  <testcase time="0" classname="org.cadian.properties.query.SimplePropertyQueryTest" name="testDefaultValue"/>
  <testcase time="0" classname="org.cadian.properties.query.SimplePropertyQueryTest" name="testNoFallback"/>
</testsuite>